<?xml version="1.0" encoding="UTF-8"?>
<!-- Generated by org.testng.reporters.JUnitXMLReporter -->
<testsuite ignored="0" hostname="Jigar" failures="0" tests="1" name="Car Valuation Tests" time="0.079" errors="0" timestamp="2025-04-19T18:53:34 IST">
  <testcase classname="org.example.tests.CarValuationTest" name="@BeforeMethod setup" time="0.025">
    <failure type="java.util.NoSuchElementException" message="No value present">
      <![CDATA[java.util.NoSuchElementException: No value present
at java.base/java.util.Optional.get(Optional.java:143)
at io.github.bonigarcia.wdm.WebDriverManager.<init>(WebDriverManager.java:225)
at io.github.bonigarcia.wdm.managers.ChromeDriverManager.<init>(ChromeDriverManager.java:51)
at io.github.bonigarcia.wdm.WebDriverManager.chromedriver(WebDriverManager.java:236)
at org.example.tests.CarValuationTest.setup(CarValuationTest.java:35)
at java.base/java.util.ArrayList.forEach(ArrayList.java:1597)
... Removed 33 stack frames]]>
    </failure>
  </testcase> <!-- @BeforeMethod setup -->
  <testcase classname="org.example.tests.CarValuationTest" name="@AfterMethod tearDown" time="0.0">
    <skipped/>
  </testcase> <!-- @AfterMethod tearDown -->
  <testcase classname="org.example.tests.CarValuationTest" name="runAllInputFiles" time="0.0">
    <skipped/>
  </testcase> <!-- runAllInputFiles -->
</testsuite> <!-- Car Valuation Tests -->
